<?xml version="1.0" encoding="UTF-8"?>
<!-- Generated by org.testng.reporters.JUnitReportReporter -->
<testsuite hostname="DESKTOP-M06EOGA" failures="0" tests="1" name="tests.JsonSchemaValidator" time="2.741" errors="0" timestamp="2021-08-22T15:51:17 AEST" skipped="0">
  <testcase classname="tests.JsonSchemaValidator" name="validate" time="2.741"/>
  <system-out/>
</testsuite> <!-- tests.JsonSchemaValidator -->
