<?xml version="1.0" encoding="UTF-8"?>
<!-- Generated by org.testng.reporters.JUnitReportReporter -->
<testsuite hostname="DESKTOP-M06EOGA" failures="0" tests="1" name="tests.OpenWeather" time="3.044" errors="0" timestamp="2021-08-23T01:11:36 AEST" skipped="0">
  <testcase classname="tests.OpenWeather" name="checkWeatherSuitable" time="3.044"/>
  <system-out/>
</testsuite> <!-- tests.OpenWeather -->
